<?xml version="1.0" encoding="UTF-8"?>
<!-- Generated by org.testng.reporters.JUnitXMLReporter -->
<testsuite hostname="LAPTOP-VSG6M91L" ignored="1" name="Test" tests="2" failures="0" timestamp="11 Aug 2018 10:42:25 GMT" time="0.193" errors="0">
  <testcase name="editLead" time="0.032" classname="testcase.EditLead"/>
  <testcase name="deleteLead" time="0.032" classname="testcase.DeleteLead"/>
  <testcase name="mergeLead" time="0.0" classname="testcase.MergeLead">
    <ignored/>
  </testcase> <!-- mergeLead -->
</testsuite> <!-- Test -->
